0 info it worked if it ends with ok
1 verbose cli [ '/usr/bin/nodejs', '/usr/bin/npm', 'run', 'build' ]
2 info using npm@3.10.10
3 info using node@v6.11.2
4 verbose run-script [ 'prebuild', 'build', 'postbuild' ]
5 info lifecycle simple-dashboard@1.0.0~prebuild: simple-dashboard@1.0.0
6 silly lifecycle simple-dashboard@1.0.0~prebuild: no script for prebuild, continuing
7 info lifecycle simple-dashboard@1.0.0~build: simple-dashboard@1.0.0
8 verbose lifecycle simple-dashboard@1.0.0~build: unsafe-perm in lifecycle true
9 verbose lifecycle simple-dashboard@1.0.0~build: PATH: /usr/lib/node_modules/npm/bin/node-gyp-bin:/mnt/c/Users/samuel.schumacher/Documents/repos/simple-dashboard/node_modules/.bin:/usr/local/sbin:/usr/local/bin:/usr/sbin:/usr/bin:/sbin:/bin:/usr/games:/usr/local/games:/mnt/c/ProgramData/Oracle/Java/javapath_target_235108937:/mnt/c/Windows/System32:/mnt/c/Windows:/mnt/c/Windows/System32/wbem:/mnt/c/Windows/System32/WindowsPowerShell/v1.0:/mnt/c/Program Files/nodejs:/mnt/c/Program Files (x86)/Git/cmd:/mnt/c/Ruby22/bin:/mnt/c/Users/samuel.schumacher/AppData/Local/Microsoft/WindowsApps:/mnt/c/Users/samuel.schumacher/AppData/Roaming/npm:/mnt/c/MinGW/msys/1.0/bin:/mnt/c/Users/samuel.schumacher/AppData/Local/Microsoft/WindowsApps:/mnt/c/Program Files/Microsoft VS Code/bin:/home/samuel/.rvm/bin
10 verbose lifecycle simple-dashboard@1.0.0~build: CWD: /mnt/c/Users/samuel.schumacher/Documents/repos/simple-dashboard
11 silly lifecycle simple-dashboard@1.0.0~build: Args: [ '-c', 'webpack --progress -p' ]
12 silly lifecycle simple-dashboard@1.0.0~build: Returned: code: 2  signal: null
13 info lifecycle simple-dashboard@1.0.0~build: Failed to exec build script
14 verbose stack Error: simple-dashboard@1.0.0 build: `webpack --progress -p`
14 verbose stack Exit status 2
14 verbose stack     at EventEmitter.<anonymous> (/usr/lib/node_modules/npm/lib/utils/lifecycle.js:255:16)
14 verbose stack     at emitTwo (events.js:106:13)
14 verbose stack     at EventEmitter.emit (events.js:191:7)
14 verbose stack     at ChildProcess.<anonymous> (/usr/lib/node_modules/npm/lib/utils/spawn.js:40:14)
14 verbose stack     at emitTwo (events.js:106:13)
14 verbose stack     at ChildProcess.emit (events.js:191:7)
14 verbose stack     at maybeClose (internal/child_process.js:891:16)
14 verbose stack     at Process.ChildProcess._handle.onexit (internal/child_process.js:226:5)
15 verbose pkgid simple-dashboard@1.0.0
16 verbose cwd /mnt/c/Users/samuel.schumacher/Documents/repos/simple-dashboard
17 error Linux 4.4.0-43-Microsoft
18 error argv "/usr/bin/nodejs" "/usr/bin/npm" "run" "build"
19 error node v6.11.2
20 error npm  v3.10.10
21 error code ELIFECYCLE
22 error simple-dashboard@1.0.0 build: `webpack --progress -p`
22 error Exit status 2
23 error Failed at the simple-dashboard@1.0.0 build script 'webpack --progress -p'.
23 error Make sure you have the latest version of node.js and npm installed.
23 error If you do, this is most likely a problem with the simple-dashboard package,
23 error not with npm itself.
23 error Tell the author that this fails on your system:
23 error     webpack --progress -p
23 error You can get information on how to open an issue for this project with:
23 error     npm bugs simple-dashboard
23 error Or if that isn't available, you can get their info via:
23 error     npm owner ls simple-dashboard
23 error There is likely additional logging output above.
24 verbose exit [ 1, true ]
